26/02/2020 11:25:32 AM 
26/02/2020 11:25:32 AM 
26/02/2020 11:25:32 AM 
26/02/2020 11:25:32 AM  ----- App start ------
26/02/2020 11:25:32 AM  ----- some info ------
26/02/2020 11:25:32 AM AHK version =>1.1.29.01
26/02/2020 11:25:32 AM OS Type     =>WIN32_NT
26/02/2020 11:25:32 AM OS Version  =>10.0.18363
26/02/2020 11:25:32 AM is x64      =>1
26/02/2020 11:25:32 AM is elevated =>0
26/02/2020 11:25:32 AM  ---- console log -----
26/02/2020 11:25:32 AM we did not find any keys in keys.txt ! 
26/02/2020 11:25:34 AM exiting app! bye bye !
26/02/2020 11:25:34 AM  ----- App End ------
26/02/2020 11:25:46 AM 
26/02/2020 11:25:46 AM 
26/02/2020 11:25:46 AM 
26/02/2020 11:25:46 AM  ----- App start ------
26/02/2020 11:25:46 AM  ----- some info ------
26/02/2020 11:25:46 AM AHK version =>1.1.29.01
26/02/2020 11:25:46 AM OS Type     =>WIN32_NT
26/02/2020 11:25:46 AM OS Version  =>10.0.18363
26/02/2020 11:25:46 AM is x64      =>1
26/02/2020 11:25:46 AM is elevated =>0
26/02/2020 11:25:46 AM  ---- console log -----
26/02/2020 11:25:46 AM found keys.txt
26/02/2020 11:25:46 AM [start of a new key]
26/02/2020 11:25:46 AM requested to close all activation windows (and print)
26/02/2020 11:25:47 AM activated steam url to open activation window
26/02/2020 11:25:47 AM waited and activated the steam activation window
26/02/2020 11:25:47 AM moved steam activation window to 0,0
26/02/2020 11:25:48 AM waited and activated the steam activation window
26/02/2020 11:25:48 AM > clicked next      [activation]
26/02/2020 11:25:48 AM waited and activated the steam activation window
26/02/2020 11:25:48 AM > clicked next      [activation]
26/02/2020 11:25:49 AM waited and activated the steam activation window
26/02/2020 11:25:49 AM > clicked product code field
26/02/2020 11:25:49 AM waited and activated the steam activation window
26/02/2020 11:25:49 AM > sent input to steam activation window
26/02/2020 11:25:50 AM waited and activated the steam activation window
26/02/2020 11:25:50 AM > clicked next      [activation]
26/02/2020 11:25:50 AM steam is working hold on ...
26/02/2020 11:25:51 AM steam is done working !
26/02/2020 11:25:51 AM we need to check if the key worked
26/02/2020 11:25:51 AM waited and activated the steam activation window
26/02/2020 11:25:52 AM moved mouse to check if there is an invalid link
26/02/2020 11:25:52 AM key is good
26/02/2020 11:25:52 AM steam reports that our key is valid
26/02/2020 11:25:52 AM checking if this is a new product
26/02/2020 11:25:52 AM waited and activated the steam activation window
26/02/2020 11:25:52 AM > clicked print     [activation]
26/02/2020 11:25:52 AM waiting 5 seconds for the print window to pop up
26/02/2020 11:25:55 AM 
26/02/2020 11:25:55 AM 
26/02/2020 11:25:55 AM 
26/02/2020 11:25:55 AM  ----- App start ------
26/02/2020 11:25:55 AM  ----- some info ------
26/02/2020 11:25:55 AM AHK version =>1.1.29.01
26/02/2020 11:25:55 AM OS Type     =>WIN32_NT
26/02/2020 11:25:55 AM OS Version  =>10.0.18363
26/02/2020 11:25:55 AM is x64      =>1
26/02/2020 11:25:55 AM is elevated =>0
26/02/2020 11:25:55 AM  ---- console log -----
26/02/2020 11:25:55 AM found keys.txt
26/02/2020 11:25:55 AM [start of a new key]
26/02/2020 11:25:55 AM requested to close all activation windows (and print)
26/02/2020 11:25:55 AM activated steam url to open activation window
26/02/2020 11:25:55 AM waited and activated the steam activation window
26/02/2020 11:25:56 AM moved steam activation window to 0,0
26/02/2020 11:25:56 AM waited and activated the steam activation window
26/02/2020 11:25:56 AM > clicked next      [activation]
26/02/2020 11:25:57 AM waited and activated the steam activation window
26/02/2020 11:25:57 AM > clicked next      [activation]
26/02/2020 11:25:57 AM waited and activated the steam activation window
26/02/2020 11:25:57 AM > clicked product code field
26/02/2020 11:25:58 AM waited and activated the steam activation window
26/02/2020 11:25:58 AM > sent input to steam activation window
26/02/2020 11:25:58 AM waited and activated the steam activation window
26/02/2020 11:25:58 AM > clicked next      [activation]
26/02/2020 11:25:59 AM steam is working hold on ...
26/02/2020 11:26:00 AM steam is done working !
26/02/2020 11:26:00 AM we need to check if the key worked
26/02/2020 11:26:00 AM waited and activated the steam activation window
26/02/2020 11:26:00 AM moved mouse to check if there is an invalid link
26/02/2020 11:26:00 AM key is good
26/02/2020 11:26:00 AM steam reports that our key is valid
26/02/2020 11:26:00 AM checking if this is a new product
26/02/2020 11:26:00 AM waited and activated the steam activation window
26/02/2020 11:26:01 AM > clicked print     [activation]
26/02/2020 11:26:01 AM waiting 5 seconds for the print window to pop up
26/02/2020 11:26:06 AM did not get a print window within 5 seconds
26/02/2020 11:26:06 AM [duplicate product] we activated a duplicate product
